<?xml version="1.0" encoding="UTF-8"?>
<testng-results skipped="0" failed="1" ignored="0" total="6" passed="5">
  <reporter-output>
  </reporter-output>
  <suite name="Command line suite" duration-ms="42753" started-at="2018-09-18T22:18:28Z" finished-at="2018-09-18T22:19:11Z">
    <groups>
      <group name="cucumber">
        <method signature="AbstractTestNGCucumberTests.feature(cucumber.api.testng.CucumberFeatureWrapper)[pri:0, instance:indicador.ValidaIndicadorConfiguracaoTest@59494225]" name="feature" class="cucumber.api.testng.AbstractTestNGCucumberTests"/>
        <method signature="AbstractTestNGCucumberTests.feature(cucumber.api.testng.CucumberFeatureWrapper)[pri:0, instance:indicador.ValidaIndicadorPossiveisFilhosTest@6e1567f1]" name="feature" class="cucumber.api.testng.AbstractTestNGCucumberTests"/>
        <method signature="AbstractTestNGCucumberTests.feature(cucumber.api.testng.CucumberFeatureWrapper)[pri:0, instance:indicador.ValidaIndicadorProdutoTest@5cb9f472]" name="feature" class="cucumber.api.testng.AbstractTestNGCucumberTests"/>
        <method signature="AbstractTestNGCucumberTests.feature(cucumber.api.testng.CucumberFeatureWrapper)[pri:0, instance:indicador.ValidaPostIndicadorOrdenaIndicadorTest@cb644e]" name="feature" class="cucumber.api.testng.AbstractTestNGCucumberTests"/>
        <method signature="AbstractTestNGCucumberTests.feature(cucumber.api.testng.CucumberFeatureWrapper)[pri:0, instance:indicador.ValidaPostIndicadorTest@13805618]" name="feature" class="cucumber.api.testng.AbstractTestNGCucumberTests"/>
        <method signature="AbstractTestNGCucumberTests.feature(cucumber.api.testng.CucumberFeatureWrapper)[pri:0, instance:indicador.ValidaPutIndicadorTest@56ef9176]" name="feature" class="cucumber.api.testng.AbstractTestNGCucumberTests"/>
      </group> <!-- cucumber -->
    </groups>
    <test name="Command line test" duration-ms="42753" started-at="2018-09-18T22:18:28Z" finished-at="2018-09-18T22:19:11Z">
      <class name="indicador.ValidaPostIndicadorOrdenaIndicadorTest">
        <test-method status="PASS" signature="setUpClass()[pri:0, instance:indicador.ValidaPostIndicadorOrdenaIndicadorTest@cb644e]" name="setUpClass" is-config="true" duration-ms="42" started-at="2018-09-18T22:19:00Z" finished-at="2018-09-18T22:19:00Z">
          <reporter-output>
          </reporter-output>
        </test-method> <!-- setUpClass -->
        <test-method status="PASS" signature="feature(cucumber.api.testng.CucumberFeatureWrapper)[pri:0, instance:indicador.ValidaPostIndicadorOrdenaIndicadorTest@cb644e]" name="feature" duration-ms="3472" started-at="2018-09-18T22:19:00Z" description="Runs Cucumber Feature" data-provider="features" finished-at="2018-09-18T22:19:04Z">
          <params>
            <param index="0">
              <value>
                <![CDATA[Validar post API Indicador ordenacao indicador]]>
              </value>
            </param>
          </params>
          <reporter-output>
          </reporter-output>
        </test-method> <!-- feature -->
        <test-method status="PASS" signature="tearDownClass()[pri:0, instance:indicador.ValidaPostIndicadorOrdenaIndicadorTest@cb644e]" name="tearDownClass" is-config="true" duration-ms="0" started-at="2018-09-18T22:19:04Z" finished-at="2018-09-18T22:19:04Z">
          <reporter-output>
          </reporter-output>
        </test-method> <!-- tearDownClass -->
      </class> <!-- indicador.ValidaPostIndicadorOrdenaIndicadorTest -->
      <class name="indicador.ValidaPostIndicadorTest">
        <test-method status="PASS" signature="setUpClass()[pri:0, instance:indicador.ValidaPostIndicadorTest@13805618]" name="setUpClass" is-config="true" duration-ms="31" started-at="2018-09-18T22:19:04Z" finished-at="2018-09-18T22:19:04Z">
          <reporter-output>
          </reporter-output>
        </test-method> <!-- setUpClass -->
        <test-method status="PASS" signature="feature(cucumber.api.testng.CucumberFeatureWrapper)[pri:0, instance:indicador.ValidaPostIndicadorTest@13805618]" name="feature" duration-ms="3441" started-at="2018-09-18T22:19:04Z" description="Runs Cucumber Feature" data-provider="features" finished-at="2018-09-18T22:19:07Z">
          <params>
            <param index="0">
              <value>
                <![CDATA[Validar post API Indicador]]>
              </value>
            </param>
          </params>
          <reporter-output>
          </reporter-output>
        </test-method> <!-- feature -->
        <test-method status="PASS" signature="tearDownClass()[pri:0, instance:indicador.ValidaPostIndicadorTest@13805618]" name="tearDownClass" is-config="true" duration-ms="1" started-at="2018-09-18T22:19:07Z" finished-at="2018-09-18T22:19:07Z">
          <reporter-output>
          </reporter-output>
        </test-method> <!-- tearDownClass -->
      </class> <!-- indicador.ValidaPostIndicadorTest -->
      <class name="indicador.ValidaIndicadorConfiguracaoTest">
        <test-method status="PASS" signature="setUpClass()[pri:0, instance:indicador.ValidaIndicadorConfiguracaoTest@59494225]" name="setUpClass" is-config="true" duration-ms="390" started-at="2018-09-18T22:18:28Z" finished-at="2018-09-18T22:18:28Z">
          <reporter-output>
          </reporter-output>
        </test-method> <!-- setUpClass -->
        <test-method status="PASS" signature="feature(cucumber.api.testng.CucumberFeatureWrapper)[pri:0, instance:indicador.ValidaIndicadorConfiguracaoTest@59494225]" name="feature" duration-ms="13651" started-at="2018-09-18T22:18:28Z" description="Runs Cucumber Feature" data-provider="features" finished-at="2018-09-18T22:18:42Z">
          <params>
            <param index="0">
              <value>
                <![CDATA[Validar API configuracao do modulo de indicadores]]>
              </value>
            </param>
          </params>
          <reporter-output>
          </reporter-output>
        </test-method> <!-- feature -->
        <test-method status="PASS" signature="tearDownClass()[pri:0, instance:indicador.ValidaIndicadorConfiguracaoTest@59494225]" name="tearDownClass" is-config="true" duration-ms="10" started-at="2018-09-18T22:18:42Z" finished-at="2018-09-18T22:18:42Z">
          <reporter-output>
          </reporter-output>
        </test-method> <!-- tearDownClass -->
      </class> <!-- indicador.ValidaIndicadorConfiguracaoTest -->
      <class name="indicador.ValidaPutIndicadorTest">
        <test-method status="PASS" signature="setUpClass()[pri:0, instance:indicador.ValidaPutIndicadorTest@56ef9176]" name="setUpClass" is-config="true" duration-ms="24" started-at="2018-09-18T22:19:07Z" finished-at="2018-09-18T22:19:07Z">
          <reporter-output>
          </reporter-output>
        </test-method> <!-- setUpClass -->
        <test-method status="FAIL" signature="feature(cucumber.api.testng.CucumberFeatureWrapper)[pri:0, instance:indicador.ValidaPutIndicadorTest@56ef9176]" name="feature" duration-ms="3443" started-at="2018-09-18T22:19:07Z" description="Runs Cucumber Feature" data-provider="features" finished-at="2018-09-18T22:19:11Z">
          <params>
            <param index="0">
              <value>
                <![CDATA[Validar put API Indicador]]>
              </value>
            </param>
          </params>
          <exception class="cucumber.runtime.CucumberException">
            <message>
              <![CDATA[java.lang.AssertionError: A validacao do PUT para esta API falhou, por favor verifique]]>
            </message>
            <full-stacktrace>
              <![CDATA[cucumber.runtime.CucumberException: java.lang.AssertionError: A validacao do PUT para esta API falhou, por favor verifique
at cucumber.api.testng.TestNGCucumberRunner.runCucumber(TestNGCucumberRunner.java:69)
at cucumber.api.testng.AbstractTestNGCucumberTests.feature(AbstractTestNGCucumberTests.java:21)
at sun.reflect.NativeMethodAccessorImpl.invoke0(Native Method)
at sun.reflect.NativeMethodAccessorImpl.invoke(NativeMethodAccessorImpl.java:62)
at sun.reflect.DelegatingMethodAccessorImpl.invoke(DelegatingMethodAccessorImpl.java:43)
at java.lang.reflect.Method.invoke(Method.java:498)
at org.testng.internal.MethodInvocationHelper.invokeMethod(MethodInvocationHelper.java:124)
at org.testng.internal.Invoker.invokeMethod(Invoker.java:583)
at org.testng.internal.Invoker.invokeTestMethod(Invoker.java:719)
at org.testng.internal.Invoker.invokeTestMethods(Invoker.java:989)
at org.testng.internal.TestMethodWorker.invokeTestMethods(TestMethodWorker.java:125)
at org.testng.internal.TestMethodWorker.run(TestMethodWorker.java:109)
at org.testng.TestRunner.privateRun(TestRunner.java:648)
at org.testng.TestRunner.run(TestRunner.java:505)
at org.testng.SuiteRunner.runTest(SuiteRunner.java:455)
at org.testng.SuiteRunner.runSequentially(SuiteRunner.java:450)
at org.testng.SuiteRunner.privateRun(SuiteRunner.java:415)
at org.testng.SuiteRunner.run(SuiteRunner.java:364)
at org.testng.SuiteRunnerWorker.runSuite(SuiteRunnerWorker.java:52)
at org.testng.SuiteRunnerWorker.run(SuiteRunnerWorker.java:84)
at org.testng.TestNG.runSuitesSequentially(TestNG.java:1208)
at org.testng.TestNG.runSuitesLocally(TestNG.java:1137)
at org.testng.TestNG.runSuites(TestNG.java:1049)
at org.testng.TestNG.run(TestNG.java:1017)
at org.apache.maven.surefire.testng.TestNGExecutor.run(TestNGExecutor.java:77)
at org.apache.maven.surefire.testng.TestNGDirectoryTestSuite.executeMulti(TestNGDirectoryTestSuite.java:159)
at org.apache.maven.surefire.testng.TestNGDirectoryTestSuite.execute(TestNGDirectoryTestSuite.java:99)
at org.apache.maven.surefire.testng.TestNGProvider.invoke(TestNGProvider.java:106)
at sun.reflect.NativeMethodAccessorImpl.invoke0(Native Method)
at sun.reflect.NativeMethodAccessorImpl.invoke(NativeMethodAccessorImpl.java:62)
at sun.reflect.DelegatingMethodAccessorImpl.invoke(DelegatingMethodAccessorImpl.java:43)
at java.lang.reflect.Method.invoke(Method.java:498)
at org.apache.maven.surefire.util.ReflectionUtils.invokeMethodWithArray(ReflectionUtils.java:189)
at org.apache.maven.surefire.booter.ProviderFactory$ProviderProxy.invoke(ProviderFactory.java:165)
at org.apache.maven.surefire.booter.ProviderFactory.invokeProvider(ProviderFactory.java:85)
at org.apache.maven.surefire.booter.ForkedBooter.runSuitesInProcess(ForkedBooter.java:115)
at org.apache.maven.surefire.booter.ForkedBooter.main(ForkedBooter.java:75)
Caused by: java.lang.AssertionError: A validacao do PUT para esta API falhou, por favor verifique
at org.junit.Assert.fail(Assert.java:88)
at org.junit.Assert.assertTrue(Assert.java:41)
at steps.IndicadorSteps.validarEnvioPutApiIndicador(IndicadorSteps.java:152)
at âœ½.Entao valido se o put foi enviado com sucesso para a api indicador(src/test/resources/indicador/ValidaPutIndicador.feature:10)
]]>
            </full-stacktrace>
          </exception> <!-- cucumber.runtime.CucumberException -->
          <reporter-output>
          </reporter-output>
        </test-method> <!-- feature -->
        <test-method status="PASS" signature="tearDownClass()[pri:0, instance:indicador.ValidaPutIndicadorTest@56ef9176]" name="tearDownClass" is-config="true" duration-ms="7" started-at="2018-09-18T22:19:11Z" finished-at="2018-09-18T22:19:11Z">
          <reporter-output>
          </reporter-output>
        </test-method> <!-- tearDownClass -->
      </class> <!-- indicador.ValidaPutIndicadorTest -->
      <class name="indicador.ValidaIndicadorProdutoTest">
        <test-method status="PASS" signature="setUpClass()[pri:0, instance:indicador.ValidaIndicadorProdutoTest@5cb9f472]" name="setUpClass" is-config="true" duration-ms="28" started-at="2018-09-18T22:18:48Z" finished-at="2018-09-18T22:18:48Z">
          <reporter-output>
          </reporter-output>
        </test-method> <!-- setUpClass -->
        <test-method status="PASS" signature="feature(cucumber.api.testng.CucumberFeatureWrapper)[pri:0, instance:indicador.ValidaIndicadorProdutoTest@5cb9f472]" name="feature" duration-ms="12347" started-at="2018-09-18T22:18:48Z" description="Runs Cucumber Feature" data-provider="features" finished-at="2018-09-18T22:19:00Z">
          <params>
            <param index="0">
              <value>
                <![CDATA[Validar API Produto do modulo de indicadores]]>
              </value>
            </param>
          </params>
          <reporter-output>
          </reporter-output>
        </test-method> <!-- feature -->
        <test-method status="PASS" signature="tearDownClass()[pri:0, instance:indicador.ValidaIndicadorProdutoTest@5cb9f472]" name="tearDownClass" is-config="true" duration-ms="1" started-at="2018-09-18T22:19:00Z" finished-at="2018-09-18T22:19:00Z">
          <reporter-output>
          </reporter-output>
        </test-method> <!-- tearDownClass -->
      </class> <!-- indicador.ValidaIndicadorProdutoTest -->
      <class name="indicador.ValidaIndicadorPossiveisFilhosTest">
        <test-method status="PASS" signature="setUpClass()[pri:0, instance:indicador.ValidaIndicadorPossiveisFilhosTest@6e1567f1]" name="setUpClass" is-config="true" duration-ms="41" started-at="2018-09-18T22:18:42Z" finished-at="2018-09-18T22:18:42Z">
          <reporter-output>
          </reporter-output>
        </test-method> <!-- setUpClass -->
        <test-method status="PASS" signature="feature(cucumber.api.testng.CucumberFeatureWrapper)[pri:0, instance:indicador.ValidaIndicadorPossiveisFilhosTest@6e1567f1]" name="feature" duration-ms="5715" started-at="2018-09-18T22:18:42Z" description="Runs Cucumber Feature" data-provider="features" finished-at="2018-09-18T22:18:48Z">
          <params>
            <param index="0">
              <value>
                <![CDATA[Validar API indicador possiveis filhos]]>
              </value>
            </param>
          </params>
          <reporter-output>
          </reporter-output>
        </test-method> <!-- feature -->
        <test-method status="PASS" signature="tearDownClass()[pri:0, instance:indicador.ValidaIndicadorPossiveisFilhosTest@6e1567f1]" name="tearDownClass" is-config="true" duration-ms="1" started-at="2018-09-18T22:18:48Z" finished-at="2018-09-18T22:18:48Z">
          <reporter-output>
          </reporter-output>
        </test-method> <!-- tearDownClass -->
      </class> <!-- indicador.ValidaIndicadorPossiveisFilhosTest -->
    </test> <!-- Command line test -->
  </suite> <!-- Command line suite -->
</testng-results>
